<?xml version="1.0" encoding="UTF-8"?>
<testsuite xmlns:xsi="http://www.w3.org/2001/XMLSchema-instance" xsi:noNamespaceSchemaLocation="https://maven.apache.org/surefire/maven-surefire-plugin/xsd/surefire-test-report.xsd" version="3.0.2" name="com.example.demo.DemoApplicationTests" time="24.146" tests="1" errors="0" skipped="0" failures="0">
  <properties>
[...]
</properties>
  <testcase name="contextLoads" classname="com.example.demo.DemoApplicationTests" time="0.744">
    <system-out><![CDATA[16:58:29.306 [main] INFO org.springframework.test.context.support.AnnotationConfigContextLoaderUtils -- Could not detect default configuration classes for test class [com.example.demo.DemoApplicationTests]: DemoApplicationTests does not declare any static, non-private, non-final, nested classes annotated with @Configuration.
16:58:29.495 [main] INFO org.springframework.boot.test.context.SpringBootTestContextBootstrapper -- Found @SpringBootConfiguration com.example.demo.DemoApplication for test class com.example.demo.DemoApplicationTests

  .   ____          _            __ _ _
 /\\ / ___'_ __ _ _(_)_ __  __ _ \ \ \ \
( ( )\___ | '_ | '_| | '_ \/ _` | \ \ \ \
 \\/  ___)| |_)| | | | | || (_| |  ) ) ) )
  '  |____| .__|_| |_|_| |_\__, | / / / /
 =========|_|==============|___/=/_/_/_/

 :: Spring Boot ::                (v3.4.4)

2026-06-24T16:58:30.294+05:30  WARN 22191 --- [demo of platform] [           main] ory$DuplicateJsonObjectContextCustomizer : 

Found multiple occurrences of org.json.JSONObject on the class path:

	jar:file:/home/sachu/.m2/repository/com/vaadin/external/google/android-json/0.0.20131108.vaadin1/android-json-0.0.20131108.vaadin1.jar!/org/json/JSONObject.class
	jar:file:/home/sachu/.m2/repository/org/json/json/20180130/json-20180130.jar!/org/json/JSONObject.class

You may wish to exclude one of them to ensure predictable runtime behavior

2026-06-24T16:58:30.348+05:30  INFO 22191 --- [demo of platform] [           main] com.example.demo.DemoApplicationTests    : Starting DemoApplicationTests using Java 24.0.2 with PID 22191 (started by sachu in /home/sachu/Workspaces/Intellij/LMNT-Demo/demo)
2026-06-24T16:58:30.351+05:30  INFO 22191 --- [demo of platform] [           main] com.example.demo.DemoApplicationTests    : The following 1 profile is active: "test"
2026-06-24T16:58:32.736+05:30  INFO 22191 --- [demo of platform] [           main] o.s.b.f.s.DefaultListableBeanFactory     : Overriding bean definition for bean 'messageSource' with a different definition: replacing [Root bean: class=null; scope=; abstract=false; lazyInit=null; autowireMode=3; dependencyCheck=0; autowireCandidate=true; primary=false; fallback=false; factoryBeanName=org.springframework.boot.autoconfigure.context.MessageSourceAutoConfiguration; factoryMethodName=messageSource; initMethodNames=null; destroyMethodNames=[(inferred)]; defined in class path resource [org/springframework/boot/autoconfigure/context/MessageSourceAutoConfiguration.class]] with [Root bean: class=null; scope=; abstract=false; lazyInit=null; autowireMode=3; dependencyCheck=0; autowireCandidate=true; primary=false; fallback=false; factoryBeanName=internationalizationConfig; factoryMethodName=messageSource; initMethodNames=null; destroyMethodNames=[(inferred)]; defined in class path resource [com/titan/lmnt/config/InternationalizationConfig.class]]
2026-06-24T16:58:32.739+05:30  INFO 22191 --- [demo of platform] [           main] o.s.b.f.s.DefaultListableBeanFactory     : Overriding bean definition for bean 'localeResolver' with a different definition: replacing [Root bean: class=null; scope=; abstract=false; lazyInit=null; autowireMode=3; dependencyCheck=0; autowireCandidate=true; primary=false; fallback=false; factoryBeanName=org.springframework.boot.autoconfigure.web.servlet.WebMvcAutoConfiguration$EnableWebMvcConfiguration; factoryMethodName=localeResolver; initMethodNames=null; destroyMethodNames=[(inferred)]; defined in class path resource [org/springframework/boot/autoconfigure/web/servlet/WebMvcAutoConfiguration$EnableWebMvcConfiguration.class]] with [Root bean: class=null; scope=; abstract=false; lazyInit=null; autowireMode=3; dependencyCheck=0; autowireCandidate=true; primary=false; fallback=false; factoryBeanName=internationalizationConfig; factoryMethodName=localeResolver; initMethodNames=null; destroyMethodNames=[(inferred)]; defined in class path resource [com/titan/lmnt/config/InternationalizationConfig.class]]
2026-06-24T16:58:32.754+05:30  INFO 22191 --- [demo of platform] [           main] .s.d.r.c.RepositoryConfigurationDelegate : Multiple Spring Data modules found, entering strict repository configuration mode
2026-06-24T16:58:32.754+05:30  INFO 22191 --- [demo of platform] [           main] .s.d.r.c.RepositoryConfigurationDelegate : Bootstrapping Spring Data JPA repositories in DEFAULT mode.
2026-06-24T16:58:33.066+05:30  INFO 22191 --- [demo of platform] [           main] .s.d.r.c.RepositoryConfigurationDelegate : Finished Spring Data repository scanning in 295 ms. Found 26 JPA repository interfaces.
2026-06-24T16:58:33.830+05:30  INFO 22191 --- [demo of platform] [           main] .s.d.r.c.RepositoryConfigurationDelegate : Multiple Spring Data modules found, entering strict repository configuration mode
2026-06-24T16:58:33.832+05:30  INFO 22191 --- [demo of platform] [           main] .s.d.r.c.RepositoryConfigurationDelegate : Bootstrapping Spring Data Redis repositories in DEFAULT mode.
2026-06-24T16:58:33.858+05:30  INFO 22191 --- [demo of platform] [           main] .s.d.r.c.RepositoryConfigurationDelegate : Finished Spring Data repository scanning in 12 ms. Found 0 Redis repository interfaces.
2026-06-24T16:58:35.397+05:30  INFO 22191 --- [demo of platform] [           main] o.hibernate.jpa.internal.util.LogHelper  : HHH000204: Processing PersistenceUnitInfo [name: lmntPU]
2026-06-24T16:58:35.465+05:30  INFO 22191 --- [demo of platform] [           main] org.hibernate.Version                    : HHH000412: Hibernate ORM core version 6.6.11.Final
2026-06-24T16:58:35.507+05:30  INFO 22191 --- [demo of platform] [           main] o.h.c.internal.RegionFactoryInitiator    : HHH000026: Second-level cache disabled
2026-06-24T16:58:35.879+05:30  INFO 22191 --- [demo of platform] [           main] o.s.o.j.p.SpringPersistenceUnitInfo      : No LoadTimeWeaver setup: ignoring JPA class transformer
2026-06-24T16:58:35.921+05:30  INFO 22191 --- [demo of platform] [           main] com.zaxxer.hikari.HikariDataSource       : HikariPool-1 - Starting...
2026-06-24T16:58:36.269+05:30  INFO 22191 --- [demo of platform] [           main] com.zaxxer.hikari.pool.HikariPool        : HikariPool-1 - Added connection conn0: url=jdbc:h2:mem:lmntTestDb user=SA
2026-06-24T16:58:36.272+05:30  INFO 22191 --- [demo of platform] [           main] com.zaxxer.hikari.HikariDataSource       : HikariPool-1 - Start completed.
2026-06-24T16:58:36.309+05:30  WARN 22191 --- [demo of platform] [           main] org.hibernate.orm.deprecation            : HHH90000025: H2Dialect does not need to be specified explicitly using 'hibernate.dialect' (remove the property setting and it will be selected by default)
2026-06-24T16:58:36.344+05:30  INFO 22191 --- [demo of platform] [           main] org.hibernate.orm.connections.pooling    : HHH10001005: Database info:
	Database JDBC URL [Connecting through datasource 'HikariDataSource (HikariPool-1)']
	Database driver: undefined/unknown
	Database version: 2.3.232
	Autocommit mode: undefined/unknown
	Isolation level: undefined/unknown
	Minimum pool size: undefined/unknown
	Maximum pool size: undefined/unknown
2026-06-24T16:58:38.329+05:30  INFO 22191 --- [demo of platform] [           main] o.h.e.t.j.p.i.JtaPlatformInitiator       : HHH000489: No JTA platform available (set 'hibernate.transaction.jta.platform' to enable JTA platform integration)
2026-06-24T16:58:38.487+05:30  INFO 22191 --- [demo of platform] [           main] j.LocalContainerEntityManagerFactoryBean : Initialized JPA EntityManagerFactory for persistence unit 'lmntPU'
2026-06-24T16:58:39.115+05:30  INFO 22191 --- [demo of platform] [           main] o.s.d.j.r.query.QueryEnhancerFactory     : Hibernate is in classpath; If applicable, HQL parser will be used.
2026-06-24T16:58:44.031+05:30  INFO 22191 --- [demo of platform] [           main] o.f.s.b.e.EventRegistryAutoConfiguration : No deployment resources were found for autodeployment
2026-06-24T16:58:44.435+05:30  INFO 22191 --- [demo of platform] [           main] o.f.s.b.ProcessEngineAutoConfiguration   : No deployment resources were found for autodeployment
2026-06-24T16:58:44.536+05:30  INFO 22191 --- [demo of platform] [           main] o.f.c.e.i.a.DefaultAsyncTaskExecutor     : Creating thread pool queue of size 100
2026-06-24T16:58:44.537+05:30  INFO 22191 --- [demo of platform] [           main] o.f.c.e.i.a.DefaultAsyncTaskExecutor     : Creating thread factory with naming pattern flowable-async-task-invoker-%d
2026-06-24T16:58:44.539+05:30  INFO 22191 --- [demo of platform] [           main] o.f.c.e.i.a.DefaultAsyncTaskExecutor     : Creating executor service with corePoolSize 8, maxPoolSize 8 and keepAliveTime 5000
2026-06-24T16:58:44.868+05:30  INFO 22191 --- [demo of platform] [           main] o.f.s.SpringProcessEngineConfiguration   : Found 2 Engine Configurators in total:
2026-06-24T16:58:44.869+05:30  INFO 22191 --- [demo of platform] [           main] o.f.s.SpringProcessEngineConfiguration   : class org.flowable.eventregistry.spring.configurator.SpringEventRegistryConfigurator (priority:100000)
2026-06-24T16:58:44.869+05:30  INFO 22191 --- [demo of platform] [           main] o.f.s.SpringProcessEngineConfiguration   : class org.flowable.idm.engine.configurator.IdmEngineConfigurator (priority:150000)
2026-06-24T16:58:44.869+05:30  INFO 22191 --- [demo of platform] [           main] o.f.s.SpringProcessEngineConfiguration   : Executing beforeInit() of class org.flowable.eventregistry.spring.configurator.SpringEventRegistryConfigurator (priority:100000)
2026-06-24T16:58:44.884+05:30  INFO 22191 --- [demo of platform] [           main] o.f.s.SpringProcessEngineConfiguration   : Executing beforeInit() of class org.flowable.idm.engine.configurator.IdmEngineConfigurator (priority:150000)
2026-06-24T16:58:44.952+05:30  INFO 22191 --- [demo of platform] [           main] com.zaxxer.hikari.HikariDataSource       : HikariPool-2 - Starting...
2026-06-24T16:58:44.957+05:30  INFO 22191 --- [demo of platform] [           main] com.zaxxer.hikari.pool.HikariPool        : HikariPool-2 - Added connection conn10: url=jdbc:h2:mem:flowableTestDb user=SA
2026-06-24T16:58:44.958+05:30  INFO 22191 --- [demo of platform] [           main] com.zaxxer.hikari.HikariDataSource       : HikariPool-2 - Start completed.
2026-06-24T16:58:46.545+05:30  INFO 22191 --- [demo of platform] [           main] o.f.s.SpringProcessEngineConfiguration   : Executing configure() of class org.flowable.eventregistry.spring.configurator.SpringEventRegistryConfigurator (priority:100000)
2026-06-24T16:58:46.561+05:30  INFO 22191 --- [demo of platform] [           main] o.f.e.impl.EventRegistryEngineImpl       : EventRegistryEngine default created
2026-06-24T16:58:46.561+05:30  INFO 22191 --- [demo of platform] [           main] o.f.s.SpringProcessEngineConfiguration   : Executing configure() of class org.flowable.idm.engine.configurator.IdmEngineConfigurator (priority:150000)
2026-06-24T16:58:46.573+05:30  INFO 22191 --- [demo of platform] [           main] o.f.idm.engine.impl.IdmEngineImpl        : IdmEngine default created
2026-06-24T16:58:46.605+05:30  INFO 22191 --- [demo of platform] [           main] o.f.c.e.impl.db.CommonDbSchemaManager    : performing create on common with resource org/flowable/common/db/create/flowable.h2.create.common.sql
2026-06-24T16:58:46.689+05:30  INFO 22191 --- [demo of platform] [           main] o.f.e.impl.db.ProcessDbSchemaManager     : performing create on engine with resource org/flowable/db/create/flowable.h2.create.engine.sql
2026-06-24T16:58:46.747+05:30  INFO 22191 --- [demo of platform] [           main] o.f.e.impl.db.ProcessDbSchemaManager     : performing create on history with resource org/flowable/db/create/flowable.h2.create.history.sql
2026-06-24T16:58:46.763+05:30  INFO 22191 --- [demo of platform] [           main] o.f.i.engine.impl.db.IdmDbSchemaManager  : performing create on identity with resource org/flowable/idm/db/create/flowable.h2.create.identity.sql
2026-06-24T16:58:46.777+05:30  INFO 22191 --- [demo of platform] [           main] o.f.e.impl.db.EventDbSchemaManager       : performing create on eventregistry with resource org/flowable/eventregistry/db/create/flowable.h2.create.eventregistry.sql
2026-06-24T16:58:46.787+05:30  INFO 22191 --- [demo of platform] [           main] o.f.engine.impl.ProcessEngineImpl        : ProcessEngine default created
2026-06-24T16:58:46.853+05:30  INFO 22191 --- [demo of platform] [           main] o.f.e.impl.cmd.ValidateV5EntitiesCmd     : Total of v5 deployments found: 0
2026-06-24T16:58:47.442+05:30  INFO 22191 --- [demo of platform] [           main] r$InitializeUserDetailsManagerConfigurer : Global AuthenticationManager configured with UserDetailsService bean with name customUserDetailsService
2026-06-24T16:58:48.658+05:30 ERROR 22191 --- [demo of platform] [onPool-worker-1] c.titan.lmnt.service.ChatBotServiceImpl  : Preload failed: 404 Not Found from POST http://localhost:11434/api/generate
2026-06-24T16:58:48.659+05:30 ERROR 22191 --- [demo of platform] [onPool-worker-1] reactor.core.publisher.Operators         : Operator called default onErrorDropped

reactor.core.Exceptions$ErrorCallbackNotImplemented: org.springframework.web.reactive.function.client.WebClientResponseException$NotFound: 404 Not Found from POST http://localhost:11434/api/generate
Caused by: org.springframework.web.reactive.function.client.WebClientResponseException$NotFound: 404 Not Found from POST http://localhost:11434/api/generate
	at org.springframework.web.reactive.function.client.WebClientResponseException.create(WebClientResponseException.java:324) ~[spring-webflux-6.2.5.jar:6.2.5]
	Suppressed: reactor.core.publisher.FluxOnAssembly$OnAssemblyException: 
Error has been observed at the following site(s):
	*__checkpoint ⇢ 404 NOT_FOUND from POST http://localhost:11434/api/generate [DefaultWebClient]
Original Stack Trace:
		at org.springframework.web.reactive.function.client.WebClientResponseException.create(WebClientResponseException.java:324) ~[spring-webflux-6.2.5.jar:6.2.5]
		at org.springframework.web.reactive.function.client.DefaultClientResponse.lambda$createException$1(DefaultClientResponse.java:214) ~[spring-webflux-6.2.5.jar:6.2.5]
		at reactor.core.publisher.FluxMap$MapSubscriber.onNext(FluxMap.java:106) ~[reactor-core-3.7.4.jar:3.7.4]
		at reactor.core.publisher.FluxOnErrorReturn$ReturnSubscriber.onNext(FluxOnErrorReturn.java:162) ~[reactor-core-3.7.4.jar:3.7.4]
		at reactor.core.publisher.FluxDefaultIfEmpty$DefaultIfEmptySubscriber.onNext(FluxDefaultIfEmpty.java:122) ~[reactor-core-3.7.4.jar:3.7.4]
		at reactor.core.publisher.FluxMapFuseable$MapFuseableSubscriber.onNext(FluxMapFuseable.java:129) ~[reactor-core-3.7.4.jar:3.7.4]
		at reactor.core.publisher.FluxContextWrite$ContextWriteSubscriber.onNext(FluxContextWrite.java:107) ~[reactor-core-3.7.4.jar:3.7.4]
		at reactor.core.publisher.FluxMapFuseable$MapFuseableConditionalSubscriber.onNext(FluxMapFuseable.java:299) ~[reactor-core-3.7.4.jar:3.7.4]
		at reactor.core.publisher.FluxFilterFuseable$FilterFuseableConditionalSubscriber.onNext(FluxFilterFuseable.java:337) ~[reactor-core-3.7.4.jar:3.7.4]
		at reactor.core.publisher.Operators$BaseFluxToMonoOperator.completePossiblyEmpty(Operators.java:2097) ~[reactor-core-3.7.4.jar:3.7.4]
		at reactor.core.publisher.MonoCollect$CollectSubscriber.onComplete(MonoCollect.java:145) ~[reactor-core-3.7.4.jar:3.7.4]
		at reactor.core.publisher.FluxPublish$PublishSubscriber.checkTerminated(FluxPublish.java:634) ~[reactor-core-3.7.4.jar:3.7.4]
		at reactor.core.publisher.FluxPublish$PublishSubscriber.drain(FluxPublish.java:494) ~[reactor-core-3.7.4.jar:3.7.4]
		at reactor.core.publisher.FluxPublish$PublishSubscriber.onComplete(FluxPublish.java:355) ~[reactor-core-3.7.4.jar:3.7.4]
		at reactor.core.publisher.FluxContextWrite$ContextWriteSubscriber.onComplete(FluxContextWrite.java:126) ~[reactor-core-3.7.4.jar:3.7.4]
		at reactor.core.publisher.FluxMapFuseable$MapFuseableConditionalSubscriber.onComplete(FluxMapFuseable.java:350) ~[reactor-core-3.7.4.jar:3.7.4]
		at reactor.core.publisher.FluxFlattenIterable$FlattenIterableSubscriber.drainAsync(FluxFlattenIterable.java:371) ~[reactor-core-3.7.4.jar:3.7.4]
		at reactor.core.publisher.FluxFlattenIterable$FlattenIterableSubscriber.drain(FluxFlattenIterable.java:724) ~[reactor-core-3.7.4.jar:3.7.4]
		at reactor.core.publisher.FluxFlattenIterable$FlattenIterableSubscriber.onComplete(FluxFlattenIterable.java:273) ~[reactor-core-3.7.4.jar:3.7.4]
		at reactor.adapter.JdkFlowAdapter$SubscriberToRS.onComplete(JdkFlowAdapter.java:160) ~[reactor-core-3.7.4.jar:3.7.4]
		at java.net.http/jdk.internal.net.http.ResponseSubscribers$PublishingBodySubscriber.complete(ResponseSubscribers.java:866) ~[java.net.http:na]
		at java.net.http/jdk.internal.net.http.ResponseSubscribers$PublishingBodySubscriber.lambda$new$2(ResponseSubscribers.java:797) ~[java.net.http:na]
		at java.base/java.util.concurrent.CompletableFuture$UniAccept.tryFire(CompletableFuture.java:764) ~[na:na]
		at java.base/java.util.concurrent.CompletableFuture.postComplete(CompletableFuture.java:556) ~[na:na]
		at java.base/java.util.concurrent.CompletableFuture.complete(CompletableFuture.java:2231) ~[na:na]
		at java.net.http/jdk.internal.net.http.ResponseSubscribers$PublishingBodySubscriber.lambda$subscribe$0(ResponseSubscribers.java:894) ~[java.net.http:na]
		at java.base/java.util.concurrent.CompletableFuture.uniAcceptNow(CompletableFuture.java:803) ~[na:na]
		at java.base/java.util.concurrent.CompletableFuture.uniAcceptStage(CompletableFuture.java:781) ~[na:na]
		at java.base/java.util.concurrent.CompletableFuture.thenAccept(CompletableFuture.java:2266) ~[na:na]
		at java.net.http/jdk.internal.net.http.ResponseSubscribers$PublishingBodySubscriber.subscribe(ResponseSubscribers.java:890) ~[java.net.http:na]
		at reactor.adapter.JdkFlowAdapter$FlowPublisherAsFlux.subscribe(JdkFlowAdapter.java:68) ~[reactor-core-3.7.4.jar:3.7.4]
		at reactor.core.publisher.InternalFluxOperator.subscribe(InternalFluxOperator.java:68) ~[reactor-core-3.7.4.jar:3.7.4]
		at reactor.core.publisher.FluxPublish.connect(FluxPublish.java:106) ~[reactor-core-3.7.4.jar:3.7.4]
		at reactor.core.publisher.FluxAutoConnect.subscribe(FluxAutoConnect.java:62) ~[reactor-core-3.7.4.jar:3.7.4]
		at reactor.core.publisher.Flux.subscribe(Flux.java:8891) ~[reactor-core-3.7.4.jar:3.7.4]
		at org.springframework.http.client.reactive.AbstractClientHttpResponse$SingleSubscriberPublisher.subscribe(AbstractClientHttpResponse.java:112) ~[spring-web-6.2.5.jar:6.2.5]
		at reactor.core.publisher.FluxSource.subscribe(FluxSource.java:71) ~[reactor-core-3.7.4.jar:3.7.4]
		at reactor.core.publisher.InternalMonoOperator.subscribe(InternalMonoOperator.java:76) ~[reactor-core-3.7.4.jar:3.7.4]
		at reactor.core.publisher.MonoFlatMap$FlatMapMain.onNext(MonoFlatMap.java:165) ~[reactor-core-3.7.4.jar:3.7.4]
		at reactor.core.publisher.FluxContextWrite$ContextWriteSubscriber.onNext(FluxContextWrite.java:107) ~[reactor-core-3.7.4.jar:3.7.4]
		at reactor.core.publisher.FluxDoFinally$DoFinallySubscriber.onNext(FluxDoFinally.java:113) ~[reactor-core-3.7.4.jar:3.7.4]
		at reactor.core.publisher.MonoPeekTerminal$MonoTerminalPeekSubscriber.onNext(MonoPeekTerminal.java:180) ~[reactor-core-3.7.4.jar:3.7.4]
		at reactor.core.publisher.FluxPeekFuseable$PeekConditionalSubscriber.onNext(FluxPeekFuseable.java:854) ~[reactor-core-3.7.4.jar:3.7.4]
		at reactor.core.publisher.FluxSwitchIfEmpty$SwitchIfEmptySubscriber.onNext(FluxSwitchIfEmpty.java:74) ~[reactor-core-3.7.4.jar:3.7.4]
		at reactor.core.publisher.FluxPeek$PeekSubscriber.onNext(FluxPeek.java:200) ~[reactor-core-3.7.4.jar:3.7.4]
		at reactor.core.publisher.FluxMap$MapSubscriber.onNext(FluxMap.java:122) ~[reactor-core-3.7.4.jar:3.7.4]
		at reactor.core.publisher.FluxOnErrorResume$ResumeSubscriber.onNext(FluxOnErrorResume.java:79) ~[reactor-core-3.7.4.jar:3.7.4]
		at reactor.core.publisher.FluxPeek$PeekSubscriber.onNext(FluxPeek.java:200) ~[reactor-core-3.7.4.jar:3.7.4]
		at reactor.core.publisher.FluxPeek$PeekSubscriber.onNext(FluxPeek.java:200) ~[reactor-core-3.7.4.jar:3.7.4]
		at reactor.core.publisher.MonoIgnoreThen$ThenIgnoreMain.complete(MonoIgnoreThen.java:294) ~[reactor-core-3.7.4.jar:3.7.4]
		at reactor.core.publisher.MonoIgnoreThen$ThenIgnoreMain.onNext(MonoIgnoreThen.java:188) ~[reactor-core-3.7.4.jar:3.7.4]
		at reactor.core.publisher.FluxMap$MapSubscriber.onNext(FluxMap.java:122) ~[reactor-core-3.7.4.jar:3.7.4]
		at reactor.core.publisher.MonoCompletionStage$MonoCompletionStageSubscription.apply(MonoCompletionStage.java:121) ~[reactor-core-3.7.4.jar:3.7.4]
		at reactor.core.publisher.MonoCompletionStage$MonoCompletionStageSubscription.apply(MonoCompletionStage.java:67) ~[reactor-core-3.7.4.jar:3.7.4]
		at java.base/java.util.concurrent.CompletableFuture.uniHandle(CompletableFuture.java:980) ~[na:na]
		at java.base/java.util.concurrent.CompletableFuture$UniHandle.tryFire(CompletableFuture.java:957) ~[na:na]
		at java.base/java.util.concurrent.CompletableFuture.postComplete(CompletableFuture.java:556) ~[na:na]
		at java.base/java.util.concurrent.CompletableFuture.postFire(CompletableFuture.java:660) ~[na:na]
		at java.base/java.util.concurrent.CompletableFuture$UniWhenComplete.tryFire(CompletableFuture.java:890) ~[na:na]
		at java.base/java.util.concurrent.CompletableFuture$Completion.exec(CompletableFuture.java:529) ~[na:na]
		at java.base/java.util.concurrent.ForkJoinTask.doExec(ForkJoinTask.java:507) ~[na:na]
		at java.base/java.util.concurrent.ForkJoinPool$WorkQueue.topLevelExec(ForkJoinPool.java:1394) ~[na:na]
		at java.base/java.util.concurrent.ForkJoinPool.runWorker(ForkJoinPool.java:1970) ~[na:na]
		at java.base/java.util.concurrent.ForkJoinWorkerThread.run(ForkJoinWorkerThread.java:187) ~[na:na]

2026-06-24T16:58:48.906+05:30  WARN 22191 --- [demo of platform] [           main] JpaBaseConfiguration$JpaWebConfiguration : spring.jpa.open-in-view is enabled by default. Therefore, database queries may be performed during view rendering. Explicitly configure spring.jpa.open-in-view to disable this warning
2026-06-24T16:58:49.348+05:30  INFO 22191 --- [demo of platform] [           main] o.s.v.b.OptionalValidatorFactoryBean     : Failed to set up a Bean Validation provider: jakarta.validation.NoProviderFoundException: Unable to create a Configuration, because no Jakarta Bean Validation provider could be found. Add a provider like Hibernate Validator (RI) to your classpath.
2026-06-24T16:58:50.853+05:30  INFO 22191 --- [demo of platform] [           main] o.s.b.a.e.web.EndpointLinksResolver      : Exposing 1 endpoint beneath base path '/actuator'
LMNT Framework Loaded (Test Mode)!
2026-06-24T16:58:52.294+05:30  INFO 22191 --- [demo of platform] [           main] o.s.m.s.b.SimpleBrokerMessageHandler     : Starting...
2026-06-24T16:58:52.295+05:30  INFO 22191 --- [demo of platform] [           main] o.s.m.s.b.SimpleBrokerMessageHandler     : BrokerAvailabilityEvent[available=true, SimpleBrokerMessageHandler [org.springframework.messaging.simp.broker.DefaultSubscriptionRegistry@46d69f14]]
2026-06-24T16:58:52.296+05:30  INFO 22191 --- [demo of platform] [           main] o.s.m.s.b.SimpleBrokerMessageHandler     : Started.
2026-06-24T16:58:52.297+05:30  INFO 22191 --- [demo of platform] [           main] o.f.j.s.i.a.AbstractAsyncExecutor        : Starting up the async job executor [org.flowable.spring.job.service.SpringAsyncExecutor] for engine bpmn
2026-06-24T16:58:52.313+05:30  INFO 22191 --- [demo of platform] [       Thread-2] o.f.j.s.i.a.AcquireAsyncJobsDueRunnable  : starting to acquire async jobs due for engine bpmn
2026-06-24T16:58:52.315+05:30  INFO 22191 --- [demo of platform] [       Thread-3] o.f.j.s.i.a.AcquireTimerJobsRunnable     : starting to acquire async jobs due for engine bpmn
2026-06-24T16:58:52.315+05:30  INFO 22191 --- [demo of platform] [       Thread-4] o.f.j.s.i.a.ResetExpiredJobsRunnable     : starting to reset expired jobs for engine bpmn
2026-06-24T16:58:52.371+05:30  INFO 22191 --- [demo of platform] [           main] com.example.demo.DemoApplicationTests    : Started DemoApplicationTests in 22.614 seconds (process running for 24.205)
]]></system-out>
    <system-err><![CDATA[Mockito is currently self-attaching to enable the inline-mock-maker. This will no longer work in future releases of the JDK. Please add Mockito as an agent to your build what is described in Mockito's documentation: https://javadoc.io/doc/org.mockito/mockito-core/latest/org/mockito/Mockito.html#0.3
WARNING: A Java agent has been loaded dynamically (/home/sachu/.m2/repository/net/bytebuddy/byte-buddy-agent/1.15.11/byte-buddy-agent-1.15.11.jar)
WARNING: If a serviceability tool is in use, please run with -XX:+EnableDynamicAgentLoading to hide this warning
WARNING: If a serviceability tool is not in use, please run with -Djdk.instrument.traceUsage for more information
WARNING: Dynamic loading of agents will be disallowed by default in a future release
]]></system-err>
  </testcase>
</testsuite>